<?xml version="1.0" encoding="UTF-8"?>
<testsuite xmlns:xsi="http://www.w3.org/2001/XMLSchema-instance" xsi:noNamespaceSchemaLocation="https://maven.apache.org/surefire/maven-surefire-plugin/xsd/surefire-test-report.xsd" name="com.leibnix.BinarySearchTreeTests" time="0.056" tests="33" errors="0" skipped="0" failures="0">
  <properties>
[...]
</properties>
  <testcase name="testCheckAsHashMap" classname="com.leibnix.BinarySearchTreeTests" time="0.005"/>
  <testcase name="testCheckAsHashSet" classname="com.leibnix.BinarySearchTreeTests" time="0"/>
  <testcase name="testCheckPostOrder" classname="com.leibnix.BinarySearchTreeTests" time="0"/>
  <testcase name="testCheckIsBalanced" classname="com.leibnix.BinarySearchTreeTests" time="0.001"/>
  <testcase name="testCheckInOrder" classname="com.leibnix.BinarySearchTreeTests" time="0"/>
  <testcase name="testCheckIsDegenerate" classname="com.leibnix.BinarySearchTreeTests" time="0"/>
  <testcase name="testCheckIfIsFullIsComplete" classname="com.leibnix.BinarySearchTreeTests" time="0"/>
  <testcase name="testCheckPreOrder" classname="com.leibnix.BinarySearchTreeTests" time="0.001"/>
  <testcase name="testCheckIsEmpty" classname="com.leibnix.BinarySearchTreeTests" time="0"/>
  <testcase name="testCheckQuantity" classname="com.leibnix.BinarySearchTreeTests" time="0"/>
  <testcase name="testCheckClear" classname="com.leibnix.BinarySearchTreeTests" time="0"/>
  <testcase name="testCheckIsDegeneratePassingThroughTheRoot" classname="com.leibnix.BinarySearchTreeTests" time="0.001"/>
  <testcase name="testCheckIsPerfect" classname="com.leibnix.BinarySearchTreeTests" time="0"/>
  <testcase name="testCheckContains" classname="com.leibnix.BinarySearchTreeTests" time="0"/>
  <testcase name="testCheckIsNotPerfect" classname="com.leibnix.BinarySearchTreeTests" time="0"/>
  <testcase name="testCheckIsComplete" classname="com.leibnix.BinarySearchTreeTests" time="0"/>
  <testcase name="testCheckHeight" classname="com.leibnix.BinarySearchTreeTests" time="0.001"/>
  <testcase name="testCheckIsFull" classname="com.leibnix.BinarySearchTreeTests" time="0"/>
  <testcase name="testCheckIsLeaf" classname="com.leibnix.BinarySearchTreeTests" time="0"/>
  <testcase name="testCheckAnotherTestIsFull" classname="com.leibnix.BinarySearchTreeTests" time="0"/>
  <testcase name="testCheckHeightOfVoidTree" classname="com.leibnix.BinarySearchTreeTests" time="0"/>
  <testcase name="testCheckIsNotBalanced" classname="com.leibnix.BinarySearchTreeTests" time="0.001"/>
  <testcase name="testCheckAsArray" classname="com.leibnix.BinarySearchTreeTests" time="0"/>
  <testcase name="testEmptyTreeQuantity" classname="com.leibnix.BinarySearchTreeTests" time="0.001"/>
  <testcase name="testCheckIsNotDegenerate" classname="com.leibnix.BinarySearchTreeTests" time="0"/>
  <testcase name="testCheckGetRoot" classname="com.leibnix.BinarySearchTreeTests" time="0"/>
  <testcase name="testCheckHeightWithIntegers" classname="com.leibnix.BinarySearchTreeTests" time="0"/>
  <testcase name="testCheckAnotherQuantityTest" classname="com.leibnix.BinarySearchTreeTests" time="0"/>
  <testcase name="testCheckIsNotComplete" classname="com.leibnix.BinarySearchTreeTests" time="0"/>
  <testcase name="testCheckRemoveAItem" classname="com.leibnix.BinarySearchTreeTests" time="0"/>
  <testcase name="testCheckIsNotEmpty" classname="com.leibnix.BinarySearchTreeTests" time="0.001"/>
  <testcase name="testCheckIsNotFull" classname="com.leibnix.BinarySearchTreeTests" time="0"/>
  <testcase name="testCheckIsNotLeaf" classname="com.leibnix.BinarySearchTreeTests" time="0"/>
</testsuite>