<?xml version="1.0" encoding="UTF-8"?>
<testsuite xmlns:xsi="http://www.w3.org/2001/XMLSchema-instance" xsi:noNamespaceSchemaLocation="https://maven.apache.org/surefire/maven-surefire-plugin/xsd/surefire-test-report.xsd" name="com.leibnix.BinarySearchTreeTests" time="0.074" tests="2" errors="0" skipped="0" failures="0">
  <properties>
[...]
</properties>
  <testcase name="testCheckHeight" classname="com.leibnix.BinarySearchTreeTests" time="0.005"/>
  <testcase name="testCheckHeightWithIntegers" classname="com.leibnix.BinarySearchTreeTests" time="0"/>
</testsuite>